<?xml version="1.0" encoding="UTF-8"?>
<!-- Generated by org.testng.reporters.JUnitXMLReporter -->
<testsuite ignored="0" hostname="DESKTOP-LRO9C4E" failures="0" tests="5" name="Admin Page Test" time="5.997" errors="0" timestamp="2024-10-10T16:08:56 IST">
  <testcase classname="com.org.testpages.AdminPageTest" name="verifySystemUsersHeader" time="0.0">
    <skipped/>
  </testcase> <!-- verifySystemUsersHeader -->
  <testcase classname="com.org.testpages.AdminPageTest" name="verifySearchFieldIsVisible" time="0.0">
    <skipped/>
  </testcase> <!-- verifySearchFieldIsVisible -->
  <testcase classname="com.org.testpages.AdminPageTest" name="verifyUserSearch" time="0.0">
    <skipped/>
  </testcase> <!-- verifyUserSearch -->
  <testcase classname="com.org.testpages.AdminPageTest" name="verifyResetFunctionality" time="0.0">
    <skipped/>
  </testcase> <!-- verifyResetFunctionality -->
  <testcase classname="com.org.testpages.AdminPageTest" name="verifyAddButtonVisible" time="0.0">
    <skipped/>
  </testcase> <!-- verifyAddButtonVisible -->
</testsuite> <!-- Admin Page Test -->
