<?xml version="1.0" encoding="UTF-8"?>
<!-- Generated by org.testng.reporters.JUnitXMLReporter -->
<testsuite ignored="0" hostname="DESKTOP-LRO9C4E" failures="0" tests="4" name="Home Page Test" time="6.534" errors="0" timestamp="2024-10-10T16:08:49 IST">
  <testcase classname="com.org.testpages.HomePageTest" name="verifyWelcomeMessage" time="0.002">
    <skipped/>
  </testcase> <!-- verifyWelcomeMessage -->
  <testcase classname="com.org.testpages.HomePageTest" name="verifyTitleAfterLogin" time="0.0">
    <skipped/>
  </testcase> <!-- verifyTitleAfterLogin -->
  <testcase classname="com.org.testpages.HomePageTest" name="verifyNavigationToDashboard" time="0.0">
    <skipped/>
  </testcase> <!-- verifyNavigationToDashboard -->
  <testcase classname="com.org.testpages.HomePageTest" name="verifyClickingAdminMenu" time="0.0">
    <skipped/>
  </testcase> <!-- verifyClickingAdminMenu -->
</testsuite> <!-- Home Page Test -->
